TN:
SF:vite.config.js
FN:1,(empty-report)
FNF:1
FNH:0
FNDA:0,(empty-report)
DA:1,0
DA:2,0
DA:3,0
DA:4,0
DA:5,0
DA:6,0
DA:7,0
DA:8,0
DA:9,0
DA:10,0
DA:11,0
DA:12,0
DA:13,0
DA:14,0
DA:15,0
DA:16,0
DA:17,0
DA:18,0
DA:19,0
LF:19
LH:0
BRDA:1,0,0,0
BRF:1
BRH:0
end_of_record
TN:
SF:src\App.jsx
FN:9,App
FNF:1
FNH:1
FNDA:1,App
DA:1,1
DA:9,1
DA:10,1
DA:11,1
DA:12,1
DA:13,1
DA:14,1
DA:15,1
DA:16,1
DA:17,1
DA:18,1
DA:19,1
DA:20,1
DA:21,1
DA:23,1
LF:15
LH:15
BRDA:9,0,0,1
BRF:1
BRH:1
end_of_record
TN:
SF:src\App.test.jsx
FNF:0
FNH:0
DA:1,1
DA:2,1
DA:3,1
DA:4,1
DA:6,1
DA:7,1
DA:8,1
DA:9,1
DA:10,1
DA:11,1
DA:12,1
DA:13,1
DA:14,1
DA:15,1
DA:16,1
LF:15
LH:15
BRDA:6,0,0,1
BRDA:7,1,0,1
BRF:2
BRH:2
end_of_record
TN:
SF:src\main.jsx
FNF:0
FNH:0
DA:1,1
DA:2,1
DA:3,1
DA:4,1
DA:5,1
DA:6,1
DA:7,1
DA:8,1
DA:10,1
DA:11,1
DA:12,1
DA:13,1
DA:14,1
DA:15,1
DA:16,1
DA:17,1
DA:18,1
DA:19,1
LF:18
LH:18
BRF:0
BRH:0
end_of_record
TN:
SF:src\main.test.jsx
FNF:0
FNH:0
DA:1,1
DA:3,1
DA:4,1
DA:11,1
DA:12,1
DA:13,1
DA:14,1
DA:15,1
DA:16,1
DA:18,1
DA:20,1
DA:21,1
DA:22,1
DA:23,1
DA:24,1
LF:15
LH:15
BRDA:4,0,0,1
BRDA:11,1,0,1
BRDA:12,2,0,1
BRDA:18,3,0,1
BRF:4
BRH:4
end_of_record
TN:
SF:src\theme.js
FNF:0
FNH:0
DA:1,1
DA:2,1
DA:3,1
DA:4,1
DA:5,1
DA:6,1
DA:7,1
DA:8,1
DA:9,1
DA:10,1
DA:11,1
DA:12,1
DA:13,1
DA:14,1
DA:15,1
DA:16,1
DA:17,1
DA:18,1
DA:19,1
DA:20,1
DA:21,1
LF:21
LH:21
BRF:0
BRH:0
end_of_record
TN:
SF:src\theme.test.js
FNF:0
FNH:0
DA:1,1
DA:2,1
DA:3,1
DA:4,1
DA:5,1
DA:6,1
DA:7,1
DA:8,1
DA:9,1
DA:10,1
DA:11,1
LF:11
LH:11
BRDA:4,0,0,1
BRDA:5,1,0,1
BRF:2
BRH:2
end_of_record
TN:
SF:src\components\AppHeader.jsx
FN:8,AppHeader
FNF:1
FNH:1
FNDA:1,AppHeader
DA:1,1
DA:8,1
DA:9,1
DA:10,1
DA:11,1
DA:12,1
DA:13,1
DA:15,1
DA:16,1
DA:17,1
DA:19,1
DA:20,1
DA:22,1
DA:23,1
DA:24,1
DA:25,1
DA:27,1
LF:17
LH:17
BRDA:8,0,0,1
BRDA:17,1,0,0
BRDA:20,2,0,0
BRF:3
BRH:1
end_of_record
TN:
SF:src\components\DeviceStatusCard.jsx
FN:11,DeviceStatusCard
FNF:1
FNH:1
FNDA:4,DeviceStatusCard
DA:1,1
DA:11,4
DA:12,4
DA:13,4
DA:14,4
DA:15,4
DA:16,4
DA:17,4
DA:19,4
DA:20,4
DA:21,4
DA:22,4
DA:23,4
DA:24,4
DA:25,4
DA:26,4
DA:27,4
DA:28,4
DA:29,4
DA:30,4
DA:31,4
DA:32,4
DA:33,4
DA:34,4
DA:35,4
DA:36,4
DA:37,4
DA:38,4
DA:39,4
DA:40,4
DA:42,4
LF:31
LH:31
BRDA:11,0,0,4
BRDA:25,1,0,3
BRDA:25,2,0,1
BRDA:25,3,0,3
BRDA:25,4,0,1
BRDA:29,5,0,3
BRDA:33,6,0,3
BRDA:37,7,0,1
BRDA:37,8,0,3
BRF:9
BRH:9
end_of_record
TN:
SF:src\components\DeviceStatusCard.test.jsx
FN:31,onHealthcheck
FNF:1
FNH:0
FNDA:0,onHealthcheck
DA:1,1
DA:9,1
DA:10,1
DA:11,1
DA:12,1
DA:13,1
DA:14,1
DA:15,1
DA:16,1
DA:17,1
DA:18,1
DA:20,1
DA:21,1
DA:22,1
DA:23,1
DA:24,1
DA:26,1
DA:27,1
DA:28,1
DA:30,1
DA:31,1
DA:32,1
DA:33,1
DA:34,1
DA:35,1
LF:25
LH:25
BRDA:9,0,0,1
BRDA:10,1,0,1
BRDA:30,2,0,1
BRF:3
BRH:3
end_of_record
TN:
SF:src\components\SensorPanel.jsx
FN:14,SensorPanel
FNF:1
FNH:1
FNDA:4,SensorPanel
DA:1,1
DA:14,4
DA:15,4
DA:16,4
DA:17,4
DA:18,4
DA:19,4
DA:20,4
DA:21,4
DA:22,4
DA:23,4
DA:24,4
DA:25,4
DA:26,4
DA:27,4
DA:28,4
DA:29,4
DA:30,4
DA:31,4
DA:32,4
DA:33,4
DA:36,4
DA:37,4
DA:38,4
DA:39,4
DA:40,4
DA:41,4
DA:42,4
DA:43,4
DA:44,4
DA:45,4
DA:46,4
DA:47,4
DA:48,4
DA:49,4
DA:50,4
DA:51,4
DA:52,4
DA:54,4
DA:55,4
DA:56,4
DA:57,4
DA:58,4
DA:59,4
DA:60,4
DA:61,4
DA:63,4
DA:64,4
DA:65,4
DA:67,4
DA:70,4
DA:71,4
DA:72,1
DA:73,1
DA:74,1
DA:76,4
DA:77,3
DA:78,3
DA:79,3
DA:81,3
DA:82,3
DA:83,3
DA:84,3
DA:85,3
DA:86,3
DA:87,3
DA:88,3
DA:89,3
DA:90,3
DA:91,3
DA:92,3
DA:93,4
DA:94,4
DA:95,4
DA:97,4
LF:75
LH:75
BRDA:14,0,0,4
BRDA:71,1,0,1
BRDA:76,2,0,3
BRDA:83,3,0,0
BRF:4
BRH:3
end_of_record
TN:
SF:src\components\SensorPanel.test.jsx
FN:17,onFetchCurrent
FN:18,onRefreshHistory
FNF:2
FNH:0
FNDA:0,onFetchCurrent
FNDA:0,onRefreshHistory
DA:1,1
DA:9,1
DA:10,1
DA:11,1
DA:12,1
DA:13,1
DA:14,1
DA:15,1
DA:16,1
DA:17,1
DA:18,1
DA:19,1
DA:20,1
DA:21,1
DA:22,1
DA:23,1
DA:25,1
DA:26,1
DA:27,1
DA:29,1
DA:30,1
DA:31,1
DA:32,1
DA:33,1
DA:34,1
DA:35,1
DA:36,1
DA:37,1
DA:38,1
DA:39,1
DA:41,1
DA:42,1
DA:44,1
DA:45,1
DA:46,1
DA:47,1
DA:48,1
DA:49,1
LF:38
LH:38
BRDA:9,0,0,1
BRDA:10,1,0,1
BRDA:25,2,0,1
BRF:3
BRH:3
end_of_record
TN:
SF:src\hooks\useDeviceStatus.js
FN:4,useDeviceStatus
FNF:1
FNH:1
FNDA:6,useDeviceStatus
DA:1,1
DA:4,1
DA:5,6
DA:6,6
DA:8,6
DA:9,2
DA:10,2
DA:11,2
DA:12,2
DA:13,2
DA:14,2
DA:15,2
DA:16,6
DA:18,6
DA:19,1
DA:20,1
DA:21,1
DA:22,1
DA:23,1
DA:24,1
DA:25,1
DA:26,1
DA:27,6
DA:29,6
DA:31,6
DA:32,6
LF:26
LH:26
BRDA:4,0,0,6
BRDA:8,1,0,2
BRDA:18,2,0,1
BRDA:23,3,0,0
BRDA:29,4,0,2
BRF:5
BRH:4
end_of_record
TN:
SF:src\hooks\useDeviceStatus.test.js
FNF:0
FNH:0
DA:1,1
DA:4,1
DA:9,1
DA:10,1
DA:11,1
DA:12,1
DA:13,1
DA:14,1
DA:15,1
DA:16,1
DA:17,1
DA:18,1
DA:19,1
DA:20,1
DA:21,1
DA:22,1
DA:23,1
LF:17
LH:17
BRDA:10,0,0,1
BRDA:11,1,0,1
BRDA:12,2,0,3
BRDA:13,3,0,2
BRDA:17,4,0,1
BRDA:18,5,0,3
BRDA:19,6,0,2
BRF:7
BRH:7
end_of_record
TN:
SF:src\hooks\useSensorData.js
FN:4,useSensorData
FNF:1
FNH:1
FNDA:5,useSensorData
DA:1,1
DA:2,1
DA:3,1
DA:4,1
DA:5,5
DA:6,5
DA:7,5
DA:8,5
DA:9,2
DA:10,2
DA:11,2
DA:12,2
DA:13,5
DA:14,5
DA:15,5
DA:16,1
DA:17,1
DA:18,5
DA:19,5
DA:20,5
DA:21,2
DA:22,5
DA:23,5
DA:24,5
DA:25,5
LF:25
LH:25
BRDA:4,0,0,5
BRDA:8,1,0,2
BRDA:11,2,0,0
BRDA:15,3,0,1
BRDA:17,4,0,1
BRDA:17,5,0,0
BRDA:20,6,0,2
BRF:7
BRH:5
end_of_record
TN:
SF:src\hooks\useSensorData.test.js
FNF:0
FNH:0
DA:1,1
DA:4,1
DA:9,1
DA:10,1
DA:11,1
DA:12,1
DA:13,2
DA:14,1
DA:15,1
DA:16,1
DA:17,1
DA:18,1
DA:19,1
DA:20,1
DA:21,3
DA:22,1
DA:23,1
DA:24,1
DA:25,1
DA:26,1
DA:27,1
DA:28,1
DA:29,1
LF:23
LH:23
BRDA:10,0,0,1
BRDA:11,1,0,1
BRDA:12,2,0,2
BRDA:15,3,0,2
BRDA:19,4,0,1
BRDA:20,5,0,3
BRDA:23,6,0,2
BRDA:24,7,0,1
BRF:8
BRH:8
end_of_record
TN:
SF:src\pages\Dashboard.jsx
FN:16,Dashboard
FN:64,onChange
FN:108,SensorPanelContainer
FN:129,inferUnit
FNF:4
FNH:3
FNDA:3,Dashboard
FNDA:0,onChange
FNDA:2,SensorPanelContainer
FNDA:2,inferUnit
DA:1,1
DA:16,3
DA:17,3
DA:18,3
DA:20,3
DA:21,3
DA:22,3
DA:25,3
DA:26,1
DA:27,1
DA:28,1
DA:29,1
DA:30,1
DA:31,1
DA:32,3
DA:34,3
DA:36,3
DA:37,2
DA:38,1
DA:39,1
DA:40,1
DA:41,1
DA:42,2
DA:43,2
DA:44,0
DA:45,0
DA:46,2
DA:47,1
DA:48,1
DA:49,3
DA:51,3
DA:52,2
DA:53,3
DA:55,3
DA:56,3
DA:58,3
DA:59,3
DA:60,3
DA:61,3
DA:62,3
DA:63,3
DA:64,3
DA:66,3
DA:67,2
DA:68,2
DA:69,2
DA:70,3
DA:71,3
DA:72,3
DA:74,3
DA:75,2
DA:76,2
DA:77,2
DA:78,2
DA:79,2
DA:80,2
DA:82,2
DA:83,2
DA:84,1
DA:86,2
DA:87,0
DA:88,0
DA:89,0
DA:91,2
DA:92,0
DA:95,2
DA:96,2
DA:97,2
DA:98,2
DA:99,2
DA:100,2
DA:101,2
DA:103,3
DA:105,3
DA:108,2
DA:109,2
DA:110,2
DA:111,2
DA:112,2
DA:113,2
DA:115,2
DA:116,2
DA:117,2
DA:118,2
DA:119,2
DA:120,2
DA:121,2
DA:122,2
DA:123,2
DA:124,2
DA:126,2
DA:129,2
DA:130,2
DA:131,2
DA:132,1
DA:133,0
DA:134,0
DA:135,0
DA:136,0
LF:99
LH:89
BRDA:16,0,0,3
BRDA:62,1,0,1
BRDA:74,2,0,2
BRDA:83,3,0,1
BRDA:86,4,0,0
BRDA:91,5,0,1
BRDA:91,6,0,0
BRDA:25,7,0,1
BRDA:26,8,0,1
BRDA:36,9,0,2
BRDA:37,10,0,1
BRDA:42,11,0,0
BRDA:43,12,0,0
BRDA:46,13,0,1
BRDA:51,14,0,2
BRDA:66,15,0,2
BRDA:95,16,0,2
BRDA:108,17,0,2
BRDA:117,18,0,0
BRDA:129,19,0,2
BRDA:130,20,0,0
BRDA:131,21,0,1
BRDA:132,22,0,0
BRF:23
BRH:16
end_of_record
TN:
SF:src\pages\Dashboard.test.jsx
FNF:0
FNH:0
DA:1,1
DA:28,1
DA:29,1
DA:30,1
DA:33,1
DA:36,1
DA:37,1
DA:38,1
DA:39,1
LF:9
LH:9
BRDA:28,0,0,1
BRDA:29,1,0,1
BRDA:36,2,0,4
BRF:3
BRH:3
end_of_record
TN:
SF:src\pages\NotFound.jsx
FN:6,NotFound
FNF:1
FNH:1
FNDA:1,NotFound
DA:1,1
DA:6,1
DA:7,1
DA:8,1
DA:9,1
DA:10,1
DA:11,1
DA:12,1
DA:14,1
LF:9
LH:9
BRDA:6,0,0,1
BRF:1
BRH:1
end_of_record
TN:
SF:src\pages\NotFound.test.jsx
FNF:0
FNH:0
DA:1,1
DA:2,1
DA:3,1
DA:4,1
DA:6,1
DA:7,1
DA:8,1
DA:9,1
DA:10,1
DA:11,1
DA:12,1
DA:13,1
DA:14,1
DA:15,1
DA:16,1
DA:17,1
LF:16
LH:16
BRDA:6,0,0,1
BRDA:7,1,0,1
BRF:2
BRH:2
end_of_record
TN:
SF:src\pages\Sensors.jsx
FN:6,Sensors
FNF:1
FNH:1
FNDA:2,Sensors
DA:1,1
DA:6,2
DA:7,2
DA:8,2
DA:9,2
DA:10,2
DA:11,2
DA:13,2
DA:14,2
DA:16,2
LF:10
LH:10
BRDA:6,0,0,2
BRF:1
BRH:1
end_of_record
TN:
SF:src\pages\Sensors.test.jsx
FNF:0
FNH:0
DA:1,1
DA:2,1
DA:3,1
DA:5,1
DA:6,1
DA:7,1
DA:8,1
DA:9,1
DA:10,1
DA:11,1
DA:12,1
DA:13,1
LF:12
LH:12
BRDA:5,0,0,1
BRDA:6,1,0,1
BRF:2
BRH:2
end_of_record
TN:
SF:src\services\api.js
FN:3,fetchJson
FN:14,getDeviceSensors
FN:20,getSensorHistory
FN:30,getSensorCurrent
FN:39,getDeviceStatus
FN:46,healthcheck
FN:55,getDevices
FNF:7
FNH:7
FNDA:8,fetchJson
FNDA:1,getDeviceSensors
FNDA:2,getSensorHistory
FNDA:1,getSensorCurrent
FNDA:1,getDeviceStatus
FNDA:1,healthcheck
FNDA:1,getDevices
DA:1,1
DA:2,1
DA:3,8
DA:4,8
DA:5,8
DA:6,8
DA:7,8
DA:8,8
DA:9,8
DA:10,8
DA:11,8
DA:12,1
DA:13,1
DA:14,1
DA:15,1
DA:16,1
DA:17,1
DA:18,1
DA:19,1
DA:20,1
DA:21,2
DA:22,2
DA:23,1
DA:24,1
DA:25,1
DA:26,1
DA:27,1
DA:28,1
DA:29,1
DA:30,1
DA:31,1
DA:32,1
DA:33,1
DA:34,0
DA:35,0
DA:36,0
DA:37,1
DA:38,1
DA:39,1
DA:40,1
DA:41,1
DA:42,1
DA:43,1
DA:44,1
DA:45,1
DA:46,1
DA:47,1
DA:48,1
DA:49,1
DA:50,1
DA:51,1
DA:52,1
DA:53,1
DA:54,1
DA:55,1
DA:56,1
DA:57,1
DA:58,1
LF:58
LH:55
BRDA:1,0,0,0
BRDA:3,1,0,8
BRDA:9,2,0,1
BRDA:10,3,0,7
BRDA:10,4,0,0
BRDA:10,5,0,7
BRDA:14,6,0,1
BRDA:20,7,0,2
BRDA:22,8,0,1
BRDA:22,9,0,1
BRDA:30,10,0,1
BRDA:34,11,0,0
BRDA:39,12,0,1
BRDA:46,13,0,1
BRDA:55,14,0,1
BRF:15
BRH:12
end_of_record
TN:
SF:src\services\api.test.js
FN:17,json
FN:24,json
FN:31,json
FN:37,json
FN:43,json
FN:49,json
FN:57,json
FN:58,json
FNF:8
FNH:7
FNDA:1,json
FNDA:1,json
FNDA:1,json
FNDA:1,json
FNDA:1,json
FNDA:1,json
FNDA:0,json
FNDA:1,json
DA:1,1
DA:9,1
DA:10,1
DA:11,1
DA:12,7
DA:13,7
DA:14,1
DA:15,1
DA:16,1
DA:17,1
DA:18,1
DA:19,1
DA:20,1
DA:21,1
DA:22,1
DA:23,1
DA:24,1
DA:25,1
DA:26,1
DA:27,1
DA:28,1
DA:29,1
DA:30,1
DA:31,1
DA:32,1
DA:33,1
DA:34,1
DA:35,1
DA:36,1
DA:37,1
DA:38,1
DA:39,1
DA:40,1
DA:41,1
DA:42,1
DA:43,1
DA:44,1
DA:45,1
DA:46,1
DA:47,1
DA:48,1
DA:49,1
DA:50,1
DA:51,1
DA:52,1
DA:53,1
DA:54,1
DA:55,1
DA:56,1
DA:57,1
DA:58,1
DA:59,1
DA:60,1
DA:61,1
DA:62,1
DA:63,1
DA:64,1
DA:65,1
LF:58
LH:58
BRDA:11,0,0,7
BRDA:15,1,0,1
BRDA:16,2,0,1
BRDA:17,3,0,1
BRDA:23,4,0,1
BRDA:24,5,0,1
BRDA:30,6,0,1
BRDA:31,7,0,1
BRDA:36,8,0,1
BRDA:37,9,0,1
BRDA:42,10,0,1
BRDA:43,11,0,1
BRDA:48,12,0,1
BRDA:49,13,0,1
BRDA:55,14,0,1
BRDA:58,15,0,1
BRF:16
BRH:16
end_of_record
TN:
SF:src\utils\format.js
FN:1,formatDate
FNF:1
FNH:1
FNDA:4,formatDate
DA:1,1
DA:2,4
DA:3,4
DA:4,4
DA:5,4
DA:6,4
DA:7,4
DA:8,4
DA:9,4
DA:10,4
DA:11,4
DA:12,0
DA:13,0
DA:14,4
LF:14
LH:12
BRDA:1,0,0,4
BRDA:11,1,0,0
BRF:2
BRH:1
end_of_record
TN:
SF:src\utils\format.test.js
FNF:0
FNH:0
DA:1,1
DA:2,1
DA:3,1
DA:4,1
DA:5,1
DA:6,1
DA:7,1
DA:8,1
DA:9,1
DA:10,1
DA:11,1
DA:12,1
DA:13,1
DA:14,1
DA:15,1
LF:15
LH:15
BRDA:4,0,0,1
BRDA:5,1,0,1
BRDA:11,2,0,1
BRF:3
BRH:3
end_of_record
